<?xml version="1.0" encoding="UTF-8"?>
<testng-results ignored="0" total="1" passed="1" failed="0" skipped="0">
  <reporter-output>
  </reporter-output>
  <suite started-at="2022-08-23T17:04:42 IST" name="Suite" finished-at="2022-08-23T17:04:47 IST" duration-ms="4270">
    <groups>
    </groups>
    <test started-at="2022-08-23T17:04:42 IST" name="Test" finished-at="2022-08-23T17:04:47 IST" duration-ms="4270">
      <class name="AmezonTestCases.AmezonLoginTest">
        <test-method is-config="true" signature="intialazebrowser()[pri:0, instance:AmezonTestCases.AmezonLoginTest@23c30a20]" started-at="2022-08-23T17:04:21 IST" name="intialazebrowser" finished-at="2022-08-23T17:04:42 IST" duration-ms="21452" status="PASS">
          <reporter-output>
          </reporter-output>
        </test-method> <!-- intialazebrowser -->
        <test-method is-config="true" signature="creatobject()[pri:0, instance:AmezonTestCases.AmezonLoginTest@23c30a20]" started-at="2022-08-23T17:04:43 IST" name="creatobject" finished-at="2022-08-23T17:04:43 IST" duration-ms="29" status="PASS">
          <reporter-output>
          </reporter-output>
        </test-method> <!-- creatobject -->
        <test-method signature="validateloginpage()[pri:1, instance:AmezonTestCases.AmezonLoginTest@23c30a20]" started-at="2022-08-23T17:04:43 IST" name="validateloginpage" finished-at="2022-08-23T17:04:47 IST" duration-ms="4207" status="PASS">
          <reporter-output>
          </reporter-output>
        </test-method> <!-- validateloginpage -->
      </class> <!-- AmezonTestCases.AmezonLoginTest -->
    </test> <!-- Test -->
  </suite> <!-- Suite -->
</testng-results>
